[faucetbee.com/index.html]
[backblue.gif]
[fade.gif]
[index.html]
[faucetbee.com/assets/images/favicon.ico]
[faucetbee.com/assets/css/home/main.min.css]
[faucetbee.com/assets/css/icons.min.css]
[arc.io/widget.min.js]
[faucetbee.com/assets/images/logo.png]
[faucetbee.com/page/payment-proofs.html]
[faucetbee.com/page/faq.html]
[faucetbee.com/login.html]
[faucetbee.com/register.html]
[faucetbee.com/assets/images/home/cryptocurrency.png]
[faucetbee.com/assets/images/currencies/btc.png]
[faucetbee.com/page/terms-of-service.html]
[faucetbee.com/page/privacy-policy.html]
[faucetbee.com/assets/js/t/home/jquery-3.5.1.min.js]
[faucetbee.com/assets/js/t/home/popper.min.js]
[faucetbee.com/assets/js/t/home/bootstrap.min.js]
[faucetbee.com/assets/js/t/home/jquery.easing.min.js]
[faucetbee.com/assets/js/t/home/owl.carousel.min.js]
[faucetbee.com/assets/js/t/home/countdown.min.js]
[faucetbee.com/assets/js/t/home/jquery.waypoints.min.js]
[faucetbee.com/assets/js/t/home/jquery.rcounterup.js]
[faucetbee.com/assets/js/t/home/magnific-popup.min.js]
[faucetbee.com/index.html]
[faucetbee.com/assets/js/t/home/app.min.js]
[faucetbee.com/assets/css/webfonts/fa-regular-400.eot]
[faucetbee.com/assets/css/webfonts/fa-regular-400d41d.eot]
[faucetbee.com/assets/css/webfonts/fa-regular-400.woff2]
[faucetbee.com/assets/css/webfonts/fa-regular-400.woff]
[faucetbee.com/assets/css/webfonts/fa-regular-400.ttf]
[faucetbee.com/assets/css/webfonts/fa-regular-400.svg]
[faucetbee.com/assets/css/webfonts/fa-solid-900.eot]
[faucetbee.com/assets/css/webfonts/fa-solid-900d41d.eot]
[faucetbee.com/assets/css/webfonts/fa-solid-900.woff2]
[faucetbee.com/assets/css/webfonts/fa-solid-900.woff]
[faucetbee.com/assets/css/webfonts/fa-solid-900.ttf]
[faucetbee.com/assets/css/webfonts/fa-solid-900.svg]
[faucetbee.com/assets/css/webfonts/fa-brands-400.eot]
[faucetbee.com/assets/css/webfonts/fa-brands-400d41d.eot]
[faucetbee.com/assets/css/webfonts/fa-brands-400.woff2]
[faucetbee.com/assets/css/webfonts/fa-brands-400.woff]
[faucetbee.com/assets/css/webfonts/fa-brands-400.ttf]
[faucetbee.com/assets/css/webfonts/fa-brands-400.svg]
[faucetbee.com/assets/css/fonts/themify.eot]
[faucetbee.com/assets/css/fonts/themifyd41d.eot]
[faucetbee.com/assets/css/fonts/themify.woff]
[faucetbee.com/assets/css/fonts/themify.ttf]
[faucetbee.com/assets/css/fonts/themify.svg]
[faucetbee.com/assets/css/home/owl.video.play.png]
[faucetbee.com/assets/css/img/hero-bg-shape-1.svg]
[faucetbee.com/assets/css/img/image-mask-shape.svg]
[faucetbee.com/assets/css/home/main.min.css]
[faucetbee.com/assets/fonts/materialdesignicons-webfont7e1c.eot]
[faucetbee.com/assets/fonts/materialdesignicons-webfontd41d.eot]
[faucetbee.com/assets/fonts/materialdesignicons-webfont7e1c.woff2]
[faucetbee.com/assets/fonts/materialdesignicons-webfont7e1c.woff]
[faucetbee.com/assets/fonts/materialdesignicons-webfont7e1c.ttf]
[faucetbee.com/assets/fonts/boxicons.eot]
[faucetbee.com/assets/fonts/boxicons.woff2]
[faucetbee.com/assets/fonts/boxicons.woff]
[faucetbee.com/assets/fonts/boxicons.ttf]
[faucetbee.com/assets/fonts/boxiconsd41d.svg]
[faucetbee.com/assets/fonts/fa-brands-400.eot]
[faucetbee.com/assets/fonts/fa-brands-400d41d.eot]
[faucetbee.com/assets/fonts/fa-brands-400.woff2]
[faucetbee.com/assets/fonts/fa-brands-400.woff]
[faucetbee.com/assets/fonts/fa-brands-400.ttf]
[faucetbee.com/assets/fonts/fa-brands-400.svg]
[faucetbee.com/assets/fonts/fa-regular-400.eot]
[faucetbee.com/assets/fonts/fa-regular-400d41d.eot]
[faucetbee.com/assets/fonts/fa-regular-400.woff2]
[faucetbee.com/assets/fonts/fa-regular-400.woff]
[faucetbee.com/assets/fonts/fa-regular-400.ttf]
[faucetbee.com/assets/fonts/fa-regular-400.svg]
[faucetbee.com/assets/fonts/fa-solid-900.eot]
[faucetbee.com/assets/fonts/fa-solid-900d41d.eot]
[faucetbee.com/assets/fonts/fa-solid-900.woff2]
[faucetbee.com/assets/fonts/fa-solid-900.woff]
[faucetbee.com/assets/fonts/fa-solid-900.ttf]
[faucetbee.com/assets/fonts/fa-solid-900.svg]
[faucetbee.com/assets/fonts/dripicons-v2.eot]
[faucetbee.com/assets/fonts/dripicons-v2d41d.eot]
[faucetbee.com/assets/fonts/dripicons-v2.woff]
[faucetbee.com/assets/fonts/dripicons-v2.ttf]
[faucetbee.com/assets/css/icons.min.css]
[faucetbee.com/page/payment-proofs.html]
[faucetbee.com/page/faq.html]
[faucetbee.com/assets/fonts/dripicons-v2.svg]
[faucetbee.com/assets/css/bootstrap.min.css]
[faucetbee.com/assets/css/app.min.css]
[faucetbee.com/assets/css/styles.css]
[faucetbee.com/assets/images/profile-img.png]
[www.google.com/recaptcha/apibf54.js]
[www.google.com/recaptcha/api.js]
[faucetbee.com/forgot-password.html]
[faucetbee.com/assets/libs/jquery/jquery.min.js]
[faucetbee.com/assets/libs/bootstrap/js/bootstrap.bundle.min.js]
[faucetbee.com/assets/libs/metismenu/metisMenu.min.js]
[faucetbee.com/assets/libs/simplebar/simplebar.min.js]
[faucetbee.com/assets/libs/node-waves/waves.min.js]
[faucetbee.com/assets/js/app.js]
[faucetbee.com/login.html]
[faucetbee.com/register.html]
[faucetbee.com/page/terms-of-service.html]
[faucetbee.com/assets/js/t/captcha.js]
[faucetbee.com/cdn-cgi/l/email-protection.html]
[faucetbee.com/page/privacy-policy.html]
[faucetbee.com/assets/css/webfonts/fa-regular-400.svg]
[faucetbee.com/cdn-cgi/scripts/5c5dd728/cloudflare-static/email-decode.min.js]
[faucetbee.com/assets/css/webfonts/fa-solid-900.svg]
[faucetbee.com/assets/css/webfonts/fa-brands-400.svg]
[faucetbee.com/assets/css/fonts/themify.html]
[faucetbee.com/assets/css/home/owl.video.play.html]
[faucetbee.com/assets/css/img/hero-bg-shape-1.html]
[faucetbee.com/assets/css/img/image-mask-shape.html]
[faucetbee.com/assets/fonts/boxiconsd41d.svg]
[faucetbee.com/assets/fonts/fa-brands-400.svg]
[faucetbee.com/assets/fonts/fa-regular-400.svg]
[faucetbee.com/assets/fonts/fa-solid-900.svg]
[faucetbee.com/assets/fonts/dripicons-v2.svg]
[faucetbee.com/assets/css/bootstrap.min.css]
[faucetbee.com/assets/css/app.min.css]
[faucetbee.com/assets/images/flip/bitcoin.png]
[faucetbee.com/assets/images/flip/ethereum.png]
[faucetbee.com/assets/css/styles.css]
[faucetbee.com/assets/css/bootstrap.mind41d.css]
[faucetbee.com/forgot-password.html]
[faucetbee.com/cdn-cgi/l/email-protection.html]
[faucetbee.com/assets/css/bootstrap.mind41d.css]
[faucetbee.com/assets/css/app.mind41d.css]
[faucetbee.com/assets/css/app.mind41d.css]
